2024-12-04 02:17:12,080 - INFO - Keystrokes check
2024-12-04 02:17:22,081 - INFO - Keystrokes check
2024-12-04 02:17:32,089 - INFO - Keystrokes check
2024-12-04 02:17:42,094 - INFO - Keystrokes check
2024-12-04 02:17:52,090 - INFO - Keystrokes check
2024-12-04 02:18:02,093 - INFO - Keystrokes check
2024-12-04 02:18:12,090 - INFO - Keystrokes check
2024-12-04 02:18:22,101 - INFO - Keystrokes check
2024-12-04 02:18:32,095 - INFO - Keystrokes check
2024-12-04 02:18:42,099 - INFO - Keystrokes check
2024-12-04 02:18:52,091 - INFO - Keystrokes check
2024-12-04 02:19:02,102 - INFO - Keystrokes check
2024-12-04 02:19:12,095 - INFO - Keystrokes check
2024-12-04 02:19:22,105 - INFO - Keystrokes check
2024-12-04 02:19:32,097 - INFO - Keystrokes check
2024-12-04 02:19:42,094 - INFO - Keystrokes check
2024-12-04 02:19:52,102 - INFO - Keystrokes check
2024-12-04 02:20:02,100 - INFO - Keystrokes check
2024-12-04 02:20:12,089 - INFO - Keystrokes check
2024-12-04 02:20:22,096 - INFO - Keystrokes check
2024-12-04 02:20:32,094 - INFO - Keystrokes check
2024-12-04 02:20:42,097 - INFO - Keystrokes check
2024-12-04 02:20:52,100 - INFO - Keystrokes check
2024-12-04 02:21:02,099 - INFO - Keystrokes check
2024-12-04 02:21:12,093 - INFO - Keystrokes check
2024-12-04 02:21:22,094 - INFO - Keystrokes check
2024-12-04 02:21:32,095 - INFO - Keystrokes check
2024-12-04 02:21:42,091 - INFO - Keystrokes check
2024-12-04 02:21:52,099 - INFO - Keystrokes check
2024-12-04 02:22:02,093 - INFO - Keystrokes check
2024-12-04 02:22:12,093 - INFO - Keystrokes check
2024-12-04 02:22:22,100 - INFO - Keystrokes check
2024-12-04 02:22:32,096 - INFO - Keystrokes check
2024-12-04 02:22:42,098 - INFO - Keystrokes check
2024-12-04 02:22:52,093 - INFO - Keystrokes check
2024-12-04 02:23:02,104 - INFO - Keystrokes check
2024-12-04 02:23:12,096 - INFO - Keystrokes check
2024-12-04 02:23:22,099 - INFO - Keystrokes check
2024-12-04 02:23:32,098 - INFO - Keystrokes check
2024-12-04 02:23:42,091 - INFO - Keystrokes check
2024-12-04 02:23:52,090 - INFO - Keystrokes check
2024-12-04 02:24:02,101 - INFO - Keystrokes check
2024-12-04 02:24:12,094 - INFO - Keystrokes check
2024-12-04 02:24:22,092 - INFO - Keystrokes check
2024-12-04 02:26:47,140 - INFO - Handling keystrokes for {'keystrokes': [], 'settings': {'keystrokes': True}}
2024-12-04 02:26:55,518 - INFO - Handling keystrokes for {'keystrokes': [], 'settings': {'keystrokes': True}}
2024-12-04 02:27:47,647 - INFO - Handling keystrokes for {'keystrokes': [], 'settings': {'keystrokes': True}}
2024-12-04 02:27:57,633 - INFO - Writing 3 keystrokes to keystrokes/2024-12-04.txt
2024-12-04 02:28:07,621 - INFO - Writing 3 keystrokes to keystrokes/2024-12-04.txt
2024-12-04 02:28:17,625 - INFO - Writing 8 keystrokes to keystrokes/2024-12-04.txt
2024-12-04 02:28:27,623 - INFO - Writing 8 keystrokes to keystrokes/2024-12-04.txt
2024-12-04 02:28:37,623 - INFO - Writing 8 keystrokes to keystrokes/2024-12-04.txt
2024-12-04 02:29:31,021 - INFO - Handling keystrokes for {'keystrokes': [], 'settings': {'keystrokes': True}}
2024-12-04 02:29:41,018 - INFO - Writing 2 keystrokes to py_ws_executor/server/keystrokes/2024-12-04.txt
2024-12-04 02:29:41,018 - ERROR - Task exception was never retrieved
future: <Task finished name='Task-9' coro=<ConnectionManager.handle_keystrokes() done, defined at C:\Users\16145\Desktop\code_24\PyWsExecutor\py_ws_executor\server\main.py:63> exception=FileNotFoundError(2, 'No such file or directory')>
Traceback (most recent call last):
  File "C:\Users\16145\Desktop\code_24\PyWsExecutor\py_ws_executor\server\main.py", line 89, in handle_keystrokes
    with open(filename, 'a') as f:
         ^^^^^^^^^^^^^^^^^^^
FileNotFoundError: [Errno 2] No such file or directory: 'py_ws_executor/server/keystrokes/2024-12-04.txt'
2024-12-04 02:30:07,986 - INFO - Handling keystrokes for {'keystrokes': [], 'settings': {'keystrokes': True}}
2024-12-04 02:30:47,969 - INFO - Writing 4 keystrokes to py_ws_executor/server/keystrokes/2024-12-04.txt
2024-12-04 02:30:57,978 - INFO - Writing 6 keystrokes to py_ws_executor/server/keystrokes/2024-12-04.txt
2024-12-04 02:31:07,966 - INFO - Writing 16 keystrokes to py_ws_executor/server/keystrokes/2024-12-04.txt
2024-12-04 02:31:27,969 - INFO - Writing 3 keystrokes to py_ws_executor/server/keystrokes/2024-12-04.txt
2024-12-04 02:31:37,969 - INFO - Writing 6 keystrokes to py_ws_executor/server/keystrokes/2024-12-04.txt
2024-12-04 02:31:47,971 - INFO - Writing 7 keystrokes to py_ws_executor/server/keystrokes/2024-12-04.txt
2024-12-04 02:32:27,972 - INFO - Writing 2 keystrokes to py_ws_executor/server/keystrokes/2024-12-04.txt
2024-12-04 02:32:37,974 - INFO - Writing 4 keystrokes to py_ws_executor/server/keystrokes/2024-12-04.txt
2024-12-04 02:34:37,967 - INFO - Writing 3 keystrokes to py_ws_executor/server/keystrokes/2024-12-04.txt
2024-12-04 02:35:57,973 - INFO - Writing 4 keystrokes to py_ws_executor/server/keystrokes/2024-12-04.txt
2024-12-04 02:36:07,965 - INFO - Writing 32 keystrokes to py_ws_executor/server/keystrokes/2024-12-04.txt
2024-12-04 02:36:17,979 - INFO - Writing 11 keystrokes to py_ws_executor/server/keystrokes/2024-12-04.txt
2024-12-04 02:36:27,972 - INFO - Writing 1 keystrokes to py_ws_executor/server/keystrokes/2024-12-04.txt
2024-12-04 02:36:57,970 - INFO - Writing 38 keystrokes to py_ws_executor/server/keystrokes/2024-12-04.txt
2024-12-04 02:37:07,975 - INFO - Writing 53 keystrokes to py_ws_executor/server/keystrokes/2024-12-04.txt
2024-12-04 02:42:07,966 - INFO - Writing 5 keystrokes to py_ws_executor/server/keystrokes/2024-12-04.txt
